<?xml version="1.0" encoding="UTF-8"?>
<testsuite name="com.ze.partner.aplication.controller.PartnerControllerTest" tests="6" skipped="0" failures="0" errors="0" timestamp="2021-07-28T18:29:53" hostname="dxtcps010263" time="0.655">
  <properties/>
  <testcase name="given call valid partner_id then return 200 status code()" classname="com.ze.partner.aplication.controller.PartnerControllerTest" time="0.536"/>
  <testcase name="given call invalid partner_id then return 404 status code()" classname="com.ze.partner.aplication.controller.PartnerControllerTest" time="0.038"/>
  <testcase name="given the same partner 2 times then return 409 status code()" classname="com.ze.partner.aplication.controller.PartnerControllerTest" time="0.015"/>
  <testcase name="given a lat and long valid then return the nearest partner with 200 status code()" classname="com.ze.partner.aplication.controller.PartnerControllerTest" time="0.02"/>
  <testcase name="given a lat and long valid then return the nearest between 2 partners with 200 status code()" classname="com.ze.partner.aplication.controller.PartnerControllerTest" time="0.023"/>
  <testcase name="given valid partner then return 201 status code()" classname="com.ze.partner.aplication.controller.PartnerControllerTest" time="0.018"/>
  <system-out><![CDATA[15:29:47.858 [Test worker] DEBUG org.springframework.test.context.BootstrapUtils - Instantiating CacheAwareContextLoaderDelegate from class [org.springframework.test.context.cache.DefaultCacheAwareContextLoaderDelegate]
15:29:47.874 [Test worker] DEBUG org.springframework.test.context.BootstrapUtils - Instantiating BootstrapContext using constructor [public org.springframework.test.context.support.DefaultBootstrapContext(java.lang.Class,org.springframework.test.context.CacheAwareContextLoaderDelegate)]
15:29:47.906 [Test worker] DEBUG org.springframework.test.context.BootstrapUtils - Instantiating TestContextBootstrapper for test class [com.ze.partner.aplication.controller.PartnerControllerTest] from class [org.springframework.boot.test.context.SpringBootTestContextBootstrapper]
15:29:47.916 [Test worker] INFO org.springframework.boot.test.context.SpringBootTestContextBootstrapper - Neither @ContextConfiguration nor @ContextHierarchy found for test class [com.ze.partner.aplication.controller.PartnerControllerTest], using SpringBootContextLoader
15:29:47.919 [Test worker] DEBUG org.springframework.test.context.support.AbstractContextLoader - Did not detect default resource location for test class [com.ze.partner.aplication.controller.PartnerControllerTest]: class path resource [com/ze/partner/aplication/controller/PartnerControllerTest-context.xml] does not exist
15:29:47.919 [Test worker] DEBUG org.springframework.test.context.support.AbstractContextLoader - Did not detect default resource location for test class [com.ze.partner.aplication.controller.PartnerControllerTest]: class path resource [com/ze/partner/aplication/controller/PartnerControllerTestContext.groovy] does not exist
15:29:47.919 [Test worker] INFO org.springframework.test.context.support.AbstractContextLoader - Could not detect default resource locations for test class [com.ze.partner.aplication.controller.PartnerControllerTest]: no resource found for suffixes {-context.xml, Context.groovy}.
15:29:47.920 [Test worker] DEBUG org.springframework.test.context.support.AnnotationConfigContextLoaderUtils - Ignoring class [com.ze.partner.aplication.controller.PartnerControllerTest$Companion]; it must be static, non-private, non-final, and annotated with @Configuration to be considered a default configuration class.
15:29:47.920 [Test worker] INFO org.springframework.test.context.support.AnnotationConfigContextLoaderUtils - Could not detect default configuration classes for test class [com.ze.partner.aplication.controller.PartnerControllerTest]: PartnerControllerTest does not declare any static, non-private, non-final, nested classes annotated with @Configuration.
15:29:47.962 [Test worker] DEBUG org.springframework.test.context.support.ActiveProfilesUtils - Could not find an 'annotation declaring class' for annotation type [org.springframework.test.context.ActiveProfiles] and class [com.ze.partner.aplication.controller.PartnerControllerTest]
15:29:48.006 [Test worker] DEBUG org.springframework.context.annotation.ClassPathScanningCandidateComponentProvider - Identified candidate component class: file [/home/thamiris.lopes/Documentos/internal/ze-delivery-challenge/build/classes/kotlin/main/com/ze/partner/ZePartnerApplication.class]
15:29:48.007 [Test worker] INFO org.springframework.boot.test.context.SpringBootTestContextBootstrapper - Found @SpringBootConfiguration com.ze.partner.ZePartnerApplication for test class com.ze.partner.aplication.controller.PartnerControllerTest
15:29:48.077 [Test worker] DEBUG org.springframework.boot.test.context.SpringBootTestContextBootstrapper - @TestExecutionListeners is not present for class [com.ze.partner.aplication.controller.PartnerControllerTest]: using defaults.
15:29:48.078 [Test worker] INFO org.springframework.boot.test.context.SpringBootTestContextBootstrapper - Loaded default TestExecutionListener class names from location [META-INF/spring.factories]: [org.springframework.boot.test.autoconfigure.restdocs.RestDocsTestExecutionListener, org.springframework.boot.test.autoconfigure.web.client.MockRestServiceServerResetTestExecutionListener, org.springframework.boot.test.autoconfigure.web.servlet.MockMvcPrintOnlyOnFailureTestExecutionListener, org.springframework.boot.test.autoconfigure.web.servlet.WebDriverTestExecutionListener, org.springframework.boot.test.autoconfigure.webservices.client.MockWebServiceServerTestExecutionListener, org.springframework.boot.test.mock.mockito.MockitoTestExecutionListener, org.springframework.boot.test.mock.mockito.ResetMocksTestExecutionListener, org.springframework.test.context.web.ServletTestExecutionListener, org.springframework.test.context.support.DirtiesContextBeforeModesTestExecutionListener, org.springframework.test.context.event.ApplicationEventsTestExecutionListener, org.springframework.test.context.support.DependencyInjectionTestExecutionListener, org.springframework.test.context.support.DirtiesContextTestExecutionListener, org.springframework.test.context.transaction.TransactionalTestExecutionListener, org.springframework.test.context.jdbc.SqlScriptsTestExecutionListener, org.springframework.test.context.event.EventPublishingTestExecutionListener]
15:29:48.089 [Test worker] INFO org.springframework.boot.test.context.SpringBootTestContextBootstrapper - Using TestExecutionListeners: [org.springframework.test.context.web.ServletTestExecutionListener@18b82442, org.springframework.test.context.support.DirtiesContextBeforeModesTestExecutionListener@26e2ab5b, org.springframework.test.context.event.ApplicationEventsTestExecutionListener@2f9be7c0, org.springframework.boot.test.mock.mockito.MockitoTestExecutionListener@4537bda7, org.springframework.boot.test.autoconfigure.SpringBootDependencyInjectionTestExecutionListener@1cf41b77, org.springframework.test.context.support.DirtiesContextTestExecutionListener@2fffd3c1, org.springframework.test.context.transaction.TransactionalTestExecutionListener@5faa8419, org.springframework.test.context.jdbc.SqlScriptsTestExecutionListener@2788d0ce, org.springframework.test.context.event.EventPublishingTestExecutionListener@1b1b48eb, org.springframework.boot.test.autoconfigure.restdocs.RestDocsTestExecutionListener@4a2bf192, org.springframework.boot.test.autoconfigure.web.client.MockRestServiceServerResetTestExecutionListener@41aa3e82, org.springframework.boot.test.autoconfigure.web.servlet.MockMvcPrintOnlyOnFailureTestExecutionListener@204598d9, org.springframework.boot.test.autoconfigure.web.servlet.WebDriverTestExecutionListener@61d8c02a, org.springframework.boot.test.autoconfigure.webservices.client.MockWebServiceServerTestExecutionListener@746a0ae2, org.springframework.boot.test.mock.mockito.ResetMocksTestExecutionListener@642474c3]
15:29:48.091 [Test worker] DEBUG org.springframework.test.context.support.AbstractDirtiesContextTestExecutionListener - Before test class: context [DefaultTestContext@23f950a8 testClass = PartnerControllerTest, testInstance = [null], testMethod = [null], testException = [null], mergedContextConfiguration = [WebMergedContextConfiguration@67f0b9cd testClass = PartnerControllerTest, locations = '{}', classes = '{class com.ze.partner.ZePartnerApplication}', contextInitializerClasses = '[]', activeProfiles = '{}', propertySourceLocations = '{}', propertySourceProperties = '{org.springframework.boot.test.context.SpringBootTestContextBootstrapper=true}', contextCustomizers = set[org.springframework.boot.test.autoconfigure.actuate.metrics.MetricsExportContextCustomizerFactory$DisableMetricExportContextCustomizer@43b5d8f9, org.springframework.boot.test.autoconfigure.properties.PropertyMappingContextCustomizer@4b3fa0b3, org.springframework.boot.test.autoconfigure.web.servlet.WebDriverContextCustomizerFactory$Customizer@4eb4154e, [ImportsContextCustomizer@7bf508a7 key = [org.springframework.boot.test.autoconfigure.web.servlet.MockMvcAutoConfiguration, org.springframework.boot.test.autoconfigure.web.servlet.MockMvcWebClientAutoConfiguration, org.springframework.boot.test.autoconfigure.web.servlet.MockMvcWebDriverAutoConfiguration, org.springframework.boot.autoconfigure.security.oauth2.client.servlet.OAuth2ClientAutoConfiguration, org.springframework.boot.autoconfigure.security.oauth2.resource.servlet.OAuth2ResourceServerAutoConfiguration, org.springframework.boot.autoconfigure.security.servlet.SecurityAutoConfiguration, org.springframework.boot.autoconfigure.security.servlet.SecurityFilterAutoConfiguration, org.springframework.boot.autoconfigure.security.servlet.UserDetailsServiceAutoConfiguration, org.springframework.boot.test.autoconfigure.web.servlet.MockMvcSecurityConfiguration]], org.springframework.boot.test.context.filter.ExcludeFilterContextCustomizer@63be1d82, org.springframework.boot.test.json.DuplicateJsonObjectContextCustomizerFactory$DuplicateJsonObjectContextCustomizer@4bd552b9, org.springframework.boot.test.mock.mockito.MockitoContextCustomizer@0, org.springframework.boot.test.web.client.TestRestTemplateContextCustomizer@6265441f, org.springframework.boot.test.context.SpringBootTestArgs@1, org.springframework.boot.test.context.SpringBootTestWebEnvironment@240940f], resourceBasePath = 'src/main/webapp', contextLoader = 'org.springframework.boot.test.context.SpringBootContextLoader', parent = [null]], attributes = map['org.springframework.test.context.web.ServletTestExecutionListener.activateListener' -> true]], class annotated with @DirtiesContext [false] with mode [null].
15:29:48.154 [Test worker] DEBUG org.testcontainers.utility.TestcontainersConfiguration - Testcontainers configuration overrides will be loaded from file:/home/thamiris.lopes/.testcontainers.properties
15:29:48.160 [Test worker] INFO org.testcontainers.dockerclient.DockerClientProviderStrategy - Loaded org.testcontainers.dockerclient.EnvironmentAndSystemPropertyClientProviderStrategy from ~/.testcontainers.properties, will try it first
15:29:48.466 [ducttape-0] DEBUG org.testcontainers.dockerclient.DockerClientProviderStrategy - Pinging docker daemon...
15:29:48.480 [ducttape-0] DEBUG org.testcontainers.shaded.com.github.dockerjava.core.command.AbstrDockerCmd - Cmd: 
15:29:48.651 [Test worker] INFO org.testcontainers.dockerclient.DockerClientProviderStrategy - Found Docker environment with Environment variables, system properties and defaults. Resolved dockerHost=unix:///var/run/docker.sock
15:29:48.651 [Test worker] DEBUG org.testcontainers.dockerclient.DockerClientProviderStrategy - Transport type: 'okhttp', Docker host: 'unix:///var/run/docker.sock'
15:29:48.651 [Test worker] DEBUG org.testcontainers.dockerclient.DockerClientProviderStrategy - Checking Docker OS type for Environment variables, system properties and defaults. Resolved dockerHost=unix:///var/run/docker.sock
15:29:48.652 [Test worker] INFO org.testcontainers.DockerClientFactory - Docker host IP address is localhost
15:29:48.653 [Test worker] DEBUG org.testcontainers.shaded.com.github.dockerjava.core.command.AbstrDockerCmd - Cmd: 
15:29:48.665 [Test worker] DEBUG org.testcontainers.shaded.com.github.dockerjava.core.command.AbstrDockerCmd - Cmd: 
15:29:48.678 [Test worker] INFO org.testcontainers.DockerClientFactory - Connected to docker: 
  Server Version: 20.10.7
  API Version: 1.41
  Operating System: Ubuntu 20.04.2 LTS
  Total Memory: 15614 MB
15:29:48.678 [Test worker] DEBUG org.testcontainers.DockerClientFactory - Ryuk is enabled
15:29:48.680 [Test worker] INFO org.testcontainers.utility.ImageNameSubstitutor - Image name substitution will be performed by: DefaultImageNameSubstitutor (composite of 'ConfigurationFileImageNameSubstitutor' and 'PrefixingImageNameSubstitutor')
15:29:48.682 [Test worker] DEBUG org.testcontainers.utility.PrefixingImageNameSubstitutor - No prefix is configured
15:29:48.682 [Test worker] DEBUG org.testcontainers.utility.ImageNameSubstitutor - Did not find a substitute image for testcontainers/ryuk:0.3.1 (using image substitutor: DefaultImageNameSubstitutor (composite of 'ConfigurationFileImageNameSubstitutor' and 'PrefixingImageNameSubstitutor'))
15:29:48.683 [Test worker] DEBUG org.testcontainers.shaded.com.github.dockerjava.core.command.AbstrDockerCmd - Cmd: testcontainers/ryuk:0.3.1
15:29:48.715 [Test worker] DEBUG org.testcontainers.utility.RegistryAuthLocator - Looking up auth config for image: testcontainers/ryuk:0.3.1 at registry: index.docker.io
15:29:48.715 [Test worker] DEBUG org.testcontainers.utility.RegistryAuthLocator - RegistryAuthLocator has configFile: /home/thamiris.lopes/.docker/config.json (exists) and commandPathPrefix: 
15:29:48.718 [Test worker] DEBUG org.testcontainers.utility.RegistryAuthLocator - registryName [index.docker.io] for dockerImageName [testcontainers/ryuk:0.3.1]
15:29:48.721 [Test worker] DEBUG org.testcontainers.utility.RegistryAuthLocator - found existing auth config [AuthConfig{username=thamiris1965, password=hidden non-blank value, auth=hidden non-blank value, email=null, registryAddress=https://index.docker.io/v1/, registryToken=blank}]
15:29:48.721 [Test worker] DEBUG org.testcontainers.utility.RegistryAuthLocator - Cached auth found: [AuthConfig{username=thamiris1965, password=hidden non-blank value, auth=hidden non-blank value, email=null, registryAddress=https://index.docker.io/v1/, registryToken=blank}]
15:29:48.721 [Test worker] DEBUG org.testcontainers.dockerclient.AuthDelegatingDockerClientConfig - Effective auth config [AuthConfig{username=thamiris1965, password=hidden non-blank value, auth=hidden non-blank value, email=null, registryAddress=https://index.docker.io/v1/, registryToken=blank}]
15:29:48.722 [Test worker] DEBUG org.testcontainers.shaded.com.github.dockerjava.core.command.AbstrDockerCmd - Cmd: org.testcontainers.shaded.com.github.dockerjava.core.command.CreateContainerCmdImpl@1efe0a1e[name=testcontainers-ryuk-b55e600d-be27-4a87-bf7a-61678ec7e9da,hostName=<null>,domainName=<null>,user=<null>,attachStdin=<null>,attachStdout=<null>,attachStderr=<null>,portSpecs=<null>,tty=<null>,stdinOpen=<null>,stdInOnce=<null>,env=<null>,cmd=<null>,healthcheck=<null>,argsEscaped=<null>,entrypoint=<null>,image=testcontainers/ryuk:0.3.1,volumes=com.github.dockerjava.api.model.Volumes@1eb9ee33,workingDir=<null>,macAddress=<null>,onBuild=<null>,networkDisabled=<null>,exposedPorts=com.github.dockerjava.api.model.ExposedPorts@11b4100a,stopSignal=<null>,stopTimeout=<null>,hostConfig=HostConfig(binds=[/var/run/docker.sock:/var/run/docker.sock:rw], blkioWeight=null, blkioWeightDevice=null, blkioDeviceReadBps=null, blkioDeviceWriteBps=null, blkioDeviceReadIOps=null, blkioDeviceWriteIOps=null, memorySwappiness=null, nanoCPUs=null, capAdd=null, capDrop=null, containerIDFile=null, cpuPeriod=null, cpuRealtimePeriod=null, cpuRealtimeRuntime=null, cpuShares=null, cpuQuota=null, cpusetCpus=null, cpusetMems=null, devices=null, deviceCgroupRules=null, deviceRequests=null, diskQuota=null, dns=null, dnsOptions=null, dnsSearch=null, extraHosts=null, groupAdd=null, ipcMode=null, cgroup=null, links=[], logConfig=LogConfig(type=null, config=null), lxcConf=null, memory=null, memorySwap=null, memoryReservation=null, kernelMemory=null, networkMode=null, oomKillDisable=null, init=null, autoRemove=true, oomScoreAdj=null, portBindings=null, privileged=false, publishAllPorts=true, readonlyRootfs=null, restartPolicy=null, ulimits=null, cpuCount=null, cpuPercent=null, ioMaximumIOps=null, ioMaximumBandwidth=null, volumesFrom=null, mounts=null, pidMode=null, isolation=null, securityOpts=null, storageOpt=null, cgroupParent=null, volumeDriver=null, shmSize=null, pidsLimit=null, runtime=null, tmpFs=null, utSMode=null, usernsMode=null, sysctls=null, consoleSize=null),labels={org.testcontainers=true},shell=<null>,networkingConfig=<null>,ipv4Address=<null>,ipv6Address=<null>,aliases=<null>,authConfig=AuthConfig(username=thamiris1965, email=null, registryAddress=https://index.docker.io/v1/, stackOrchestrator=null)]
15:29:48.824 [Test worker] DEBUG org.testcontainers.shaded.com.github.dockerjava.core.command.AbstrDockerCmd - Cmd: f5ac0dc50c7d62e1cbce0e16dceb7698e6e8e45351f8ff35bbe9b10f0756da5b
15:29:49.100 [Test worker] DEBUG org.testcontainers.shaded.com.github.dockerjava.core.command.AbstrDockerCmd - Cmd: f5ac0dc50c7d62e1cbce0e16dceb7698e6e8e45351f8ff35bbe9b10f0756da5b,false
15:29:49.101 [Test worker] DEBUG org.testcontainers.shaded.com.github.dockerjava.core.exec.InspectContainerCmdExec - GET: DefaultWebTarget{path=[/containers/f5ac0dc50c7d62e1cbce0e16dceb7698e6e8e45351f8ff35bbe9b10f0756da5b/json], queryParams={}}
15:29:49.148 [testcontainers-ryuk] DEBUG org.testcontainers.utility.ResourceReaper - Sending 'label=org.testcontainers%3Dtrue&label=org.testcontainers.sessionId%3Db55e600d-be27-4a87-bf7a-61678ec7e9da' to Ryuk
15:29:49.148 [testcontainers-ryuk] DEBUG org.testcontainers.utility.ResourceReaper - Received 'ACK' from Ryuk
15:29:49.149 [Test worker] INFO org.testcontainers.DockerClientFactory - Ryuk started - will monitor and terminate Testcontainers containers on JVM exit
15:29:49.149 [Test worker] DEBUG org.testcontainers.DockerClientFactory - Checks are enabled
15:29:49.149 [Test worker] INFO org.testcontainers.DockerClientFactory - Checking the system...
15:29:49.150 [Test worker] INFO org.testcontainers.DockerClientFactory - ✔︎ Docker server version should be at least 1.6.0
15:29:49.151 [Test worker] DEBUG org.testcontainers.shaded.com.github.dockerjava.core.command.AbstrDockerCmd - Cmd: f5ac0dc50c7d62e1cbce0e16dceb7698e6e8e45351f8ff35bbe9b10f0756da5b,<null>,true,<null>,<null>,<null>,<null>,{df,-P},<null>,<null>
15:29:49.222 [Test worker] INFO org.testcontainers.DockerClientFactory - ✔︎ Docker environment should have more than 2GB free disk space
15:29:49.222 [Test worker] DEBUG org.testcontainers.utility.PrefixingImageNameSubstitutor - No prefix is configured
15:29:49.222 [Test worker] DEBUG org.testcontainers.utility.ImageNameSubstitutor - Did not find a substitute image for mongo:latest (using image substitutor: DefaultImageNameSubstitutor (composite of 'ConfigurationFileImageNameSubstitutor' and 'PrefixingImageNameSubstitutor'))
15:29:49.224 [Test worker] DEBUG org.testcontainers.shaded.com.github.dockerjava.core.command.AbstrDockerCmd - Cmd: ListImagesCmdImpl[imageNameFilter=<null>,showAll=false,filters=org.testcontainers.shaded.com.github.dockerjava.core.util.FiltersBuilder@0]
15:29:49.316 [Test worker] DEBUG ]]>&#x1f433;<![CDATA[ [mongo:latest] - mongo:latest is not in image name cache, updating...
15:29:49.316 [Test worker] DEBUG org.testcontainers.shaded.com.github.dockerjava.core.command.AbstrDockerCmd - Cmd: mongo:latest
15:29:49.320 [Test worker] DEBUG org.testcontainers.images.AbstractImagePullPolicy - Using locally available and not pulling image: mongo:latest
15:29:49.320 [Test worker] DEBUG ]]>&#x1f433;<![CDATA[ [mongo:latest] - Starting container: mongo:latest
15:29:49.320 [Test worker] DEBUG ]]>&#x1f433;<![CDATA[ [mongo:latest] - Trying to start container: mongo:latest (attempt 1/1)
15:29:49.320 [Test worker] DEBUG ]]>&#x1f433;<![CDATA[ [mongo:latest] - Starting container: mongo:latest
15:29:49.320 [Test worker] INFO ]]>&#x1f433;<![CDATA[ [mongo:latest] - Creating container for image: mongo:latest
15:29:49.320 [Test worker] DEBUG org.testcontainers.utility.RegistryAuthLocator - Looking up auth config for image: mongo:latest at registry: index.docker.io
15:29:49.320 [Test worker] DEBUG org.testcontainers.utility.RegistryAuthLocator - Cached auth found: [AuthConfig{username=thamiris1965, password=hidden non-blank value, auth=hidden non-blank value, email=null, registryAddress=https://index.docker.io/v1/, registryToken=blank}]
15:29:49.321 [Test worker] DEBUG org.testcontainers.dockerclient.AuthDelegatingDockerClientConfig - Effective auth config [AuthConfig{username=thamiris1965, password=hidden non-blank value, auth=hidden non-blank value, email=null, registryAddress=https://index.docker.io/v1/, registryToken=blank}]
15:29:49.323 [Test worker] DEBUG org.testcontainers.shaded.com.github.dockerjava.core.command.AbstrDockerCmd - Cmd: org.testcontainers.shaded.com.github.dockerjava.core.command.CreateContainerCmdImpl@802136c[name=<null>,hostName=<null>,domainName=<null>,user=<null>,attachStdin=<null>,attachStdout=<null>,attachStderr=<null>,portSpecs=<null>,tty=<null>,stdinOpen=<null>,stdInOnce=<null>,env={},cmd={},healthcheck=<null>,argsEscaped=<null>,entrypoint=<null>,image=mongo:latest,volumes=com.github.dockerjava.api.model.Volumes@50c3d8f6,workingDir=<null>,macAddress=<null>,onBuild=<null>,networkDisabled=<null>,exposedPorts=com.github.dockerjava.api.model.ExposedPorts@140ff122,stopSignal=<null>,stopTimeout=<null>,hostConfig=HostConfig(binds=[], blkioWeight=null, blkioWeightDevice=null, blkioDeviceReadBps=null, blkioDeviceWriteBps=null, blkioDeviceReadIOps=null, blkioDeviceWriteIOps=null, memorySwappiness=null, nanoCPUs=null, capAdd=null, capDrop=null, containerIDFile=null, cpuPeriod=null, cpuRealtimePeriod=null, cpuRealtimeRuntime=null, cpuShares=null, cpuQuota=null, cpusetCpus=null, cpusetMems=null, devices=null, deviceCgroupRules=null, deviceRequests=null, diskQuota=null, dns=null, dnsOptions=null, dnsSearch=null, extraHosts=[], groupAdd=null, ipcMode=null, cgroup=null, links=[], logConfig=LogConfig(type=null, config=null), lxcConf=null, memory=null, memorySwap=null, memoryReservation=null, kernelMemory=null, networkMode=null, oomKillDisable=null, init=null, autoRemove=null, oomScoreAdj=null, portBindings={27017/tcp=[Lcom.github.dockerjava.api.model.Ports$Binding;@4e3998f0}, privileged=null, publishAllPorts=true, readonlyRootfs=null, restartPolicy=null, ulimits=null, cpuCount=null, cpuPercent=null, ioMaximumIOps=null, ioMaximumBandwidth=null, volumesFrom=[], mounts=null, pidMode=null, isolation=null, securityOpts=null, storageOpt=null, cgroupParent=null, volumeDriver=null, shmSize=null, pidsLimit=null, runtime=null, tmpFs=null, utSMode=null, usernsMode=null, sysctls=null, consoleSize=null),labels={org.testcontainers=true, org.testcontainers.sessionId=b55e600d-be27-4a87-bf7a-61678ec7e9da},shell=<null>,networkingConfig=<null>,ipv4Address=<null>,ipv6Address=<null>,aliases=<null>,authConfig=AuthConfig(username=thamiris1965, email=null, registryAddress=https://index.docker.io/v1/, stackOrchestrator=null)]
15:29:49.387 [Test worker] INFO ]]>&#x1f433;<![CDATA[ [mongo:latest] - Starting container with ID: 870d6009969c8a66c9dae5e4d76598c5b4998796e1a76b1939f1b2f29bcbba97
15:29:49.387 [Test worker] DEBUG org.testcontainers.shaded.com.github.dockerjava.core.command.AbstrDockerCmd - Cmd: 870d6009969c8a66c9dae5e4d76598c5b4998796e1a76b1939f1b2f29bcbba97
15:29:49.668 [Test worker] INFO ]]>&#x1f433;<![CDATA[ [mongo:latest] - Container mongo:latest is starting: 870d6009969c8a66c9dae5e4d76598c5b4998796e1a76b1939f1b2f29bcbba97
15:29:49.669 [Test worker] DEBUG org.testcontainers.shaded.com.github.dockerjava.core.command.AbstrDockerCmd - Cmd: 870d6009969c8a66c9dae5e4d76598c5b4998796e1a76b1939f1b2f29bcbba97,false
15:29:49.669 [Test worker] DEBUG org.testcontainers.shaded.com.github.dockerjava.core.exec.InspectContainerCmdExec - GET: DefaultWebTarget{path=[/containers/870d6009969c8a66c9dae5e4d76598c5b4998796e1a76b1939f1b2f29bcbba97/json], queryParams={}}
15:29:49.672 [ducttape-0] DEBUG org.testcontainers.shaded.com.github.dockerjava.core.command.AbstrDockerCmd - Cmd: 870d6009969c8a66c9dae5e4d76598c5b4998796e1a76b1939f1b2f29bcbba97,false
15:29:49.673 [ducttape-0] DEBUG org.testcontainers.shaded.com.github.dockerjava.core.exec.InspectContainerCmdExec - GET: DefaultWebTarget{path=[/containers/870d6009969c8a66c9dae5e4d76598c5b4998796e1a76b1939f1b2f29bcbba97/json], queryParams={}}
15:29:49.680 [ducttape-0] DEBUG org.testcontainers.containers.ExecInContainerPattern - /nifty_moser: Running "exec" command: /bin/sh -c true
15:29:49.680 [ducttape-0] DEBUG org.testcontainers.shaded.com.github.dockerjava.core.command.AbstrDockerCmd - Cmd: 870d6009969c8a66c9dae5e4d76598c5b4998796e1a76b1939f1b2f29bcbba97,<null>,true,true,<null>,<null>,<null>,{/bin/sh,-c,true},<null>,<null>
15:29:49.755 [ducttape-0] DEBUG org.testcontainers.shaded.com.github.dockerjava.core.command.AbstrDockerCmd - Cmd: bd75b3c5543f1a8168cf6a39f0e85e16ef60266f1141741a8b4c1028d519e366
15:29:49.756 [ducttape-0] DEBUG org.testcontainers.shaded.com.github.dockerjava.core.exec.InspectExecCmdExec - GET: DefaultWebTarget{path=[/exec/bd75b3c5543f1a8168cf6a39f0e85e16ef60266f1141741a8b4c1028d519e366/json], queryParams={}}
15:29:49.761 [Test worker] INFO ]]>&#x1f433;<![CDATA[ [mongo:latest] - Container mongo:latest started in PT0.539415S
15:29:49.777 [Test worker] DEBUG org.springframework.test.context.support.TestPropertySourceUtils - Adding inlined properties to environment: {spring.jmx.enabled=false, org.springframework.boot.test.context.SpringBootTestContextBootstrapper=true}

  .   ____          _            __ _ _
 /\\ / ___'_ __ _ _(_)_ __  __ _ \ \ \ \
( ( )\___ | '_ | '_| | '_ \/ _` | \ \ \ \
 \\/  ___)| |_)| | | | | || (_| |  ) ) ) )
  '  |____| .__|_| |_|_| |_\__, | / / / /
 =========|_|==============|___/=/_/_/_/
 :: Spring Boot ::                (v2.4.2)

2021-07-28 15:29:50.017  INFO 91161 --- [    Test worker] c.z.p.a.c.PartnerControllerTest          : Starting PartnerControllerTest using Java 11.0.11 on dxtcps010263 with PID 91161 (started by thamiris.lopes in /home/thamiris.lopes/Documentos/internal/ze-delivery-challenge)
2021-07-28 15:29:50.020  INFO 91161 --- [    Test worker] c.z.p.a.c.PartnerControllerTest          : No active profile set, falling back to default profiles: default
2021-07-28 15:29:50.834  INFO 91161 --- [    Test worker] .s.d.r.c.RepositoryConfigurationDelegate : Bootstrapping Spring Data MongoDB repositories in DEFAULT mode.
2021-07-28 15:29:50.848  INFO 91161 --- [    Test worker] .s.d.r.c.RepositoryConfigurationDelegate : Finished Spring Data repository scanning in 11 ms. Found 0 MongoDB repository interfaces.
2021-07-28 15:29:51.187  INFO 91161 --- [    Test worker] org.mongodb.driver.cluster               : Cluster created with settings {hosts=[localhost:27017], mode=SINGLE, requiredClusterType=UNKNOWN, serverSelectionTimeout='30000 ms'}
2021-07-28 15:29:51.231  INFO 91161 --- [localhost:27017] org.mongodb.driver.connection            : Opened connection [connectionId{localValue:2, serverValue:1}] to localhost:27017
2021-07-28 15:29:51.231  INFO 91161 --- [localhost:27017] org.mongodb.driver.connection            : Opened connection [connectionId{localValue:1, serverValue:2}] to localhost:27017
2021-07-28 15:29:51.232  INFO 91161 --- [localhost:27017] org.mongodb.driver.cluster               : Monitor thread successfully connected to server with description ServerDescription{address=localhost:27017, type=STANDALONE, state=CONNECTED, ok=true, minWireVersion=0, maxWireVersion=9, maxDocumentSize=16777216, logicalSessionTimeoutMinutes=30, roundTripTimeNanos=15234563}
2021-07-28 15:29:51.330  INFO 91161 --- [    Test worker] org.mongodb.driver.connection            : Opened connection [connectionId{localValue:3, serverValue:3}] to localhost:27017
2021-07-28 15:29:51.822  INFO 91161 --- [    Test worker] o.s.s.concurrent.ThreadPoolTaskExecutor  : Initializing ExecutorService 'applicationTaskExecutor'
2021-07-28 15:29:53.117  INFO 91161 --- [    Test worker] o.s.b.t.m.w.SpringBootMockServletContext : Initializing Spring TestDispatcherServlet ''
2021-07-28 15:29:53.117  INFO 91161 --- [    Test worker] o.s.t.web.servlet.TestDispatcherServlet  : Initializing Servlet ''
2021-07-28 15:29:53.118  INFO 91161 --- [    Test worker] o.s.t.web.servlet.TestDispatcherServlet  : Completed initialization in 0 ms
2021-07-28 15:29:53.137  INFO 91161 --- [    Test worker] c.z.p.a.c.PartnerControllerTest          : Started PartnerControllerTest in 3.355 seconds (JVM running for 5.909)
2021-07-28 15:29:53.401  INFO 91161 --- [    Test worker] c.z.p.i.c.ApplicationLogInterceptor      : POST - /partner
2021-07-28 15:29:53.536  INFO 91161 --- [    Test worker] c.z.p.a.controller.PartnerController     : Start save:PartnerModel(tradingName=Adega da Cerveja - Pinheiros, ownerName=Antonio Silva, document=07.526.557/0001-00, coverageArea=org.springframework.data.mongodb.core.geo.GeoJsonMultiPolygon@2f4b7840, address=Point [x=22.000000, y=10.000000])
2021-07-28 15:29:53.666  INFO 91161 --- [    Test worker] c.z.p.i.c.ApplicationLogInterceptor      : GET - /partner/6101a2212969f41a88dba2e0
2021-07-28 15:29:53.670  INFO 91161 --- [    Test worker] c.z.p.a.controller.PartnerController     : Start FindById:6101a2212969f41a88dba2e0
2021-07-28 15:29:53.709  INFO 91161 --- [    Test worker] c.z.p.i.c.ApplicationLogInterceptor      : GET - /partner/com.github.javafaker.IdNumber@486e0062
2021-07-28 15:29:53.709  INFO 91161 --- [    Test worker] c.z.p.a.controller.PartnerController     : Start FindById:com.github.javafaker.IdNumber@486e0062
2021-07-28 15:29:53.730  INFO 91161 --- [    Test worker] c.z.p.i.c.ApplicationLogInterceptor      : POST - /partner
2021-07-28 15:29:53.732  INFO 91161 --- [    Test worker] c.z.p.a.controller.PartnerController     : Start save:PartnerModel(tradingName=Companhia Cervejaria Stellar - Consolação, ownerName=Gabriela Gomes, document=91.436.921/0001-57, coverageArea=org.springframework.data.mongodb.core.geo.GeoJsonMultiPolygon@1a9e7c3f, address=Point [x=-17.000000, y=-38.000000])
2021-07-28 15:29:53.738  INFO 91161 --- [    Test worker] c.z.p.i.c.ApplicationLogInterceptor      : POST - /partner
2021-07-28 15:29:53.739  INFO 91161 --- [    Test worker] c.z.p.a.controller.PartnerController     : Start save:PartnerModel(tradingName=Companhia Cervejaria Stellar - Consolação, ownerName=Gabriela Gomes, document=91.436.921/0001-57, coverageArea=org.springframework.data.mongodb.core.geo.GeoJsonMultiPolygon@1a9e7c3f, address=Point [x=-17.000000, y=-38.000000])
2021-07-28 15:29:53.747  INFO 91161 --- [    Test worker] c.z.p.i.c.ApplicationLogInterceptor      : POST - /partner
2021-07-28 15:29:53.748  INFO 91161 --- [    Test worker] c.z.p.a.controller.PartnerController     : Start save:PartnerModel(tradingName=Adega da Cerveja - Pinheiros, ownerName=Antonio Silva, document=07.526.557/0001-00, coverageArea=org.springframework.data.mongodb.core.geo.GeoJsonMultiPolygon@2f4b7840, address=Point [x=22.000000, y=10.000000])
2021-07-28 15:29:53.752  INFO 91161 --- [    Test worker] c.z.p.i.c.ApplicationLogInterceptor      : GET - /partner/nearest/long/30/lat/35
2021-07-28 15:29:53.758  INFO 91161 --- [    Test worker] c.z.p.a.controller.PartnerController     : Start find by nearest between long:30.0 lat:35.0
2021-07-28 15:29:53.767  INFO 91161 --- [    Test worker] c.z.p.i.c.ApplicationLogInterceptor      : POST - /partner
2021-07-28 15:29:53.769  INFO 91161 --- [    Test worker] c.z.p.a.controller.PartnerController     : Start save:PartnerModel(tradingName=Adega da Cerveja - Pinheiros, ownerName=Antonio Silva, document=07.526.557/0001-00, coverageArea=org.springframework.data.mongodb.core.geo.GeoJsonMultiPolygon@2f4b7840, address=Point [x=22.000000, y=10.000000])
2021-07-28 15:29:53.772  INFO 91161 --- [    Test worker] c.z.p.i.c.ApplicationLogInterceptor      : POST - /partner
2021-07-28 15:29:53.773  INFO 91161 --- [    Test worker] c.z.p.a.controller.PartnerController     : Start save:PartnerModel(tradingName=Companhia Cervejaria Brahma - Consolação, ownerName=Thamiris Silva, document=33.366.980/0062-11, coverageArea=org.springframework.data.mongodb.core.geo.GeoJsonMultiPolygon@1a9e7c3f, address=Point [x=17.000000, y=38.000000])
2021-07-28 15:29:53.779  INFO 91161 --- [    Test worker] c.z.p.i.c.ApplicationLogInterceptor      : GET - /partner/nearest/long/17/lat/35
2021-07-28 15:29:53.780  INFO 91161 --- [    Test worker] c.z.p.a.controller.PartnerController     : Start find by nearest between long:17.0 lat:35.0
2021-07-28 15:29:53.793  INFO 91161 --- [    Test worker] c.z.p.i.c.ApplicationLogInterceptor      : POST - /partner
2021-07-28 15:29:53.797  INFO 91161 --- [    Test worker] c.z.p.a.controller.PartnerController     : Start save:PartnerModel(tradingName=Adega Sao Paulo, ownerName=Pedro Silva, document=04666182390, coverageArea=org.springframework.data.mongodb.core.geo.GeoJsonMultiPolygon@ac0306f2, address=Point [x=-38.598260, y=-3.774186])
2021-07-28 15:29:53.860  INFO 91161 --- [localhost:27017] org.mongodb.driver.cluster               : Exception in monitor thread while connecting to server localhost:27017

com.mongodb.MongoSocketReadException: Prematurely reached end of stream
	at com.mongodb.internal.connection.SocketStream.read(SocketStream.java:112) ~[mongodb-driver-core-4.1.1.jar:na]
	at com.mongodb.internal.connection.SocketStream.read(SocketStream.java:131) ~[mongodb-driver-core-4.1.1.jar:na]
	at com.mongodb.internal.connection.InternalStreamConnection.receiveResponseBuffers(InternalStreamConnection.java:648) ~[mongodb-driver-core-4.1.1.jar:na]
	at com.mongodb.internal.connection.InternalStreamConnection.receiveMessageWithAdditionalTimeout(InternalStreamConnection.java:513) ~[mongodb-driver-core-4.1.1.jar:na]
	at com.mongodb.internal.connection.InternalStreamConnection.receiveCommandMessageResponse(InternalStreamConnection.java:356) ~[mongodb-driver-core-4.1.1.jar:na]
	at com.mongodb.internal.connection.InternalStreamConnection.receive(InternalStreamConnection.java:316) ~[mongodb-driver-core-4.1.1.jar:na]
	at com.mongodb.internal.connection.DefaultServerMonitor$ServerMonitorRunnable.lookupServerDescription(DefaultServerMonitor.java:215) ~[mongodb-driver-core-4.1.1.jar:na]
	at com.mongodb.internal.connection.DefaultServerMonitor$ServerMonitorRunnable.run(DefaultServerMonitor.java:144) ~[mongodb-driver-core-4.1.1.jar:na]
	at java.base/java.lang.Thread.run(Thread.java:829) ~[na:na]

]]></system-out>
  <system-err><![CDATA[]]></system-err>
</testsuite>
