<?xml version="1.0" encoding="UTF-8"?>
<testsuite name="com.ze.partner.infrastructure.provider.DocumentValidatorTest" tests="4" skipped="0" failures="0" errors="0" timestamp="2021-07-28T18:29:55" hostname="dxtcps010263" time="0.034">
  <properties/>
  <testcase name="given incorrect CPF then return false()" classname="com.ze.partner.infrastructure.provider.DocumentValidatorTest" time="0.005"/>
  <testcase name="given correct CNPJ then return true()" classname="com.ze.partner.infrastructure.provider.DocumentValidatorTest" time="0.021"/>
  <testcase name="given correct CPF than return true()" classname="com.ze.partner.infrastructure.provider.DocumentValidatorTest" time="0.003"/>
  <testcase name="given incorrect CNPJ then return false()" classname="com.ze.partner.infrastructure.provider.DocumentValidatorTest" time="0.003"/>
  <system-out><![CDATA[]]></system-out>
  <system-err><![CDATA[]]></system-err>
</testsuite>
